Arguments: 
  C:\Program Files\nodejs\node.exe C:\Program Files (x86)\Yarn\bin\yarn.js init

PATH: 
  C:\Program Files (x86)\Common Files\Oracle\Java\javapath;C:\ProgramData\Oracle\Java\javapath;C:\Program Files (x86)\Intel\iCLS Client\;C:\Program Files\Intel\iCLS Client\;C:\WINDOWS\system32;C:\WINDOWS;C:\WINDOWS\System32\Wbem;C:\WINDOWS\System32\WindowsPowerShell\v1.0\;C:\Program Files\Intel\Intel(R) Management Engine Components\DAL;C:\Program Files (x86)\Intel\Intel(R) Management Engine Components\DAL;C:\Program Files\Intel\Intel(R) Management Engine Components\IPT;C:\Program Files (x86)\Intel\Intel(R) Management Engine Components\IPT;C:\Program Files\Intel\WiFi\bin\;C:\Program Files\Common Files\Intel\WirelessCommon\;C:\Program Files\Microsoft Network Monitor 3\;C:\Program Files (x86)\InfoCert\Dike\;Dlls;C:\Program Files (x86)\Oberthur Technologies\AWP\Dlls;C:\Program Files\OpenVPN\bin;C:\Program Files\PuTTY\;C:\Program Files\nodejs\;C:\Program Files\Git\cmd;C:\WINDOWS\System32\OpenSSH\;C:\Program Files\Genymobile\Genymotion\tools;C:\Program Files (x86)\Yarn\bin\;C:\Users\giammi\AppData\Local\Programs\Python\Python36\Scripts\;C:\Users\giammi\AppData\Local\Programs\Python\Python36\;C:\Users\giammi\AppData\Local\Microsoft\WindowsApps;C:\Users\giammi\AppData\Local\atom\bin;C:\Users\giammi\AppData\Local\GitHubDesktop\bin;C:\Users\giammi\AppData\Roaming\npm;C:\Users\giammi\AppData\Local\Microsoft\WindowsApps;C:\Program Files\Microsoft VS Code\bin;C:\Program Files\Genymobile\Genymotion\tools;C:\Users\giammi\AppData\Local\Yarn\bin

Yarn version: 
  1.7.0

Node version: 
  9.11.1

Platform: 
  win32 x64

Trace: 
  Error: canceled
      at Interface.<anonymous> (C:\Program Files (x86)\Yarn\lib\cli.js:131036:13)
      at Interface.emit (events.js:180:13)
      at Interface._ttyWrite (readline.js:783:16)
      at ReadStream.onkeypress (readline.js:163:10)
      at ReadStream.emit (events.js:180:13)
      at emitKeys (internal/readline.js:422:14)
      at emitKeys.next (<anonymous>)
      at ReadStream.onData (readline.js:1019:36)
      at ReadStream.emit (events.js:180:13)
      at addChunk (_stream_readable.js:274:12)

npm manifest: 
  {
    "scripts": {
      "start": "exp start",
      "dev": "exp start --lan"
    },
    "main": "node_modules/expo/AppEntry.js",
    "private": true,
    "dependencies": {
      "autobind-decorator": "^2.1.0",
      "awesome-phonenumber": "^2.2.5",
      "axios": "^0.18.0",
      "expo": "^26.0.0",
      "lodash": "^4.17.10",
      "mobx": "^3.5.1",
      "mobx-react": "^4.4.2",
      "prop-types": "^15.6.0",
      "react": "16.3.0-alpha.1",
      "react-native": "https://github.com/expo/react-native/archive/sdk-26.0.0.tar.gz",
      "react-native-autocomplete-input": "robertosero/react-native-autocomplete-input",
      "react-native-button": "^2.3.0",
      "react-native-cards": "^1.1.4",
      "react-native-carousel-control": "^2.0.1",
      "react-native-country-picker-modal": "^0.5.1",
      "react-native-debug-stylesheet": "^0.1.1",
      "react-native-elements": "^1.0.0-beta2",
      "react-native-gifted-chat": "^0.3.0",
      "react-native-router-flux": "^4.0.0-beta.28",
      "react-native-swiper": "robertosero/react-native-swiper",
      "react-native-table-component": "^1.1.3"
    },
    "devDependencies": {
      "babel-plugin-transform-decorators-legacy": "^1.3.4",
      "babel-preset-es2015": "^6.24.1",
      "babel-preset-react-native": "4.0.0",
      "babel-preset-stage-1": "^6.24.1"
    }
  }

yarn manifest: 
  No manifest

Lockfile: 
  No lockfile
